<!DOCTYPE html PUBLIC "-//W3C//DTD XHTML 1.1//EN" "http://www.w3.org/TR/xhtml11/DTD/xhtml11.dtd">
<html xmlns="http://www.w3.org/1999/xhtml">
<head>
<meta http-equiv="content-type" content="text/html; charset=UTF-8"/>
<title>TestNG Report</title>
<style type="text/css">table {margin-bottom:10px;border-collapse:collapse;empty-cells:show}th,td {border:1px solid #009;padding:.25em .5em}th {vertical-align:bottom}td {vertical-align:top}table a {font-weight:bold}.stripe td {background-color: #E6EBF9}.num {text-align:right}.passedodd td {background-color: #3F3}.passedeven td {background-color: #0A0}.skippedodd td {background-color: #DDD}.skippedeven td {background-color: #CCC}.failedodd td,.attn {background-color: #F33}.failedeven td,.stripe .attn {background-color: #D00}.stacktrace {white-space:pre;font-family:monospace}.totop {font-size:85%;text-align:center;border-bottom:2px solid #000}.invisible {display:none}</style>
</head>
<body>
<table>
<tr><th>Test</th><th># Passed</th><th># Skipped</th><th># Failed</th><th>Time (ms)</th><th>Included Groups</th><th>Excluded Groups</th></tr>
<tr><th colspan="7">Suite</th></tr>
<tr><td><a href="#t0">SeekerTest</a></td><td class="num">0</td><td class="num attn">3</td><td class="num">0</td><td class="num">6,895</td><td></td><td></td></tr>
<tr class="stripe"><td><a href="#t1">ProviderTest</a></td><td class="num">3</td><td class="num">0</td><td class="num">0</td><td class="num">30,008</td><td></td><td></td></tr>
<tr><th>Total</th><th class="num">3</th><th class="num attn">3</th><th class="num">0</th><th class="num">36,903</th><th colspan="2"></th></tr>
</table>
<table id='summary'><thead><tr><th>Class</th><th>Method</th><th>Start</th><th>Time (ms)</th></tr></thead><tbody><tr><th colspan="4">Suite</th></tr></tbody><tbody id="t0"><tr><th colspan="4">SeekerTest &#8212; failed (configuration methods)</th></tr><tr class="failedeven"><td rowspan="1">testcases.LoginTestSeeker</td><td><a href="#m0">beforeTest</a></td><td rowspan="1">1633686429711</td><td rowspan="1">5783</td></tr><tr><th colspan="4">SeekerTest &#8212; skipped (configuration methods)</th></tr><tr class="skippedeven"><td rowspan="1">testcases.LoginTestSeeker</td><td><a href="#m1">afterTest</a></td><td rowspan="1">1633686436604</td><td rowspan="1">0</td></tr><tr><th colspan="4">SeekerTest &#8212; skipped</th></tr><tr class="skippedeven"><td rowspan="3">testcases.LoginTestSeeker</td><td><a href="#m2">test</a></td><td rowspan="3">1633686436594</td><td rowspan="3">0</td></tr><tr class="skippedeven"><td><a href="#m3">test</a></td></tr><tr class="skippedeven"><td><a href="#m4">test</a></td></tr></tbody>
<tbody id="t1"><tr><th colspan="4">ProviderTest &#8212; passed</th></tr><tr class="passedeven"><td rowspan="3">testcases.LoginTestProvider</td><td><a href="#m5">test</a></td><td rowspan="3">1633686456000</td><td rowspan="3">591</td></tr><tr class="passedeven"><td><a href="#m6">test</a></td></tr><tr class="passedeven"><td><a href="#m7">test</a></td></tr></tbody>
</table>
<h2>SeekerTest</h2><h3 id="m0">testcases.LoginTestSeeker#beforeTest</h3><table class="result"><tr class="param"><th>Parameter #1</th><th>Parameter #2</th></tr><tr class="param stripe"><td>chrome</td><td>http://nethorizonconsultancy.com/Seeker.aspx</td></tr><tr><th colspan="2">Exception</th></tr><tr><td colspan="2"><div class="stacktrace">org.openqa.selenium.SessionNotCreatedException: session not created: This version of ChromeDriver only supports Chrome version 92
Current browser version is 94.0.4606.71 with binary path C:\Users\acer\AppData\Local\Google\Chrome\Application\chrome.exe
Build info: version: &apos;3.141.59&apos;, revision: &apos;e82be7d358&apos;, time: &apos;2018-11-14T08:17:03&apos;
System info: host: &apos;ACER-PC&apos;, ip: &apos;192.168.18.32&apos;, os.name: &apos;Windows 8.1&apos;, os.arch: &apos;amd64&apos;, os.version: &apos;6.3&apos;, java.version: &apos;1.8.0_102&apos;
Driver info: driver.version: ChromeDriver
remote stacktrace: Backtrace:
	Ordinal0 [0x00E12A33+2501171]
	Ordinal0 [0x00DAD1C1+2085313]
	Ordinal0 [0x00CB1FA8+1056680]
	Ordinal0 [0x00CD020A+1180170]
	Ordinal0 [0x00CCC125+1163557]
	Ordinal0 [0x00CC997F+1153407]
	Ordinal0 [0x00CF999F+1350047]
	Ordinal0 [0x00CF960A+1349130]
	Ordinal0 [0x00CF551B+1332507]
	Ordinal0 [0x00CD1D74+1187188]
	Ordinal0 [0x00CD2BD9+1190873]
	GetHandleVerifier [0x00F8EFE6+1504438]
	GetHandleVerifier [0x0103DDA5+2220661]
	GetHandleVerifier [0x00E95589+481881]
	GetHandleVerifier [0x00E94639+477961]
	Ordinal0 [0x00DB28BD+2107581]
	Ordinal0 [0x00DB6728+2123560]
	Ordinal0 [0x00DB6862+2123874]
	Ordinal0 [0x00DBFA81+2161281]
	BaseThreadInitThunk [0x76C47C04+36]
	RtlInitializeExceptionChain [0x7767AB8F+143]
	RtlInitializeExceptionChain [0x7767AB5A+90]

	at org.openqa.selenium.remote.W3CHandshakeResponse.lambda$errorHandler$0(W3CHandshakeResponse.java:62)
	at org.openqa.selenium.remote.HandshakeResponse.lambda$getResponseFunction$0(HandshakeResponse.java:30)
	at org.openqa.selenium.remote.ProtocolHandshake.lambda$createSession$0(ProtocolHandshake.java:126)
	at java.util.stream.ReferencePipeline$3$1.accept(ReferencePipeline.java:193)
	at java.util.Spliterators$ArraySpliterator.tryAdvance(Spliterators.java:958)
	at java.util.stream.ReferencePipeline.forEachWithCancel(ReferencePipeline.java:126)
	at java.util.stream.AbstractPipeline.copyIntoWithCancel(AbstractPipeline.java:498)
	at java.util.stream.AbstractPipeline.copyInto(AbstractPipeline.java:485)
	at java.util.stream.AbstractPipeline.wrapAndCopyInto(AbstractPipeline.java:471)
	at java.util.stream.FindOps$FindOp.evaluateSequential(FindOps.java:152)
	at java.util.stream.AbstractPipeline.evaluate(AbstractPipeline.java:234)
	at java.util.stream.ReferencePipeline.findFirst(ReferencePipeline.java:464)
	at org.openqa.selenium.remote.ProtocolHandshake.createSession(ProtocolHandshake.java:128)
	at org.openqa.selenium.remote.ProtocolHandshake.createSession(ProtocolHandshake.java:74)
	at org.openqa.selenium.remote.HttpCommandExecutor.execute(HttpCommandExecutor.java:136)
	at org.openqa.selenium.remote.service.DriverCommandExecutor.execute(DriverCommandExecutor.java:83)
	at org.openqa.selenium.remote.RemoteWebDriver.execute(RemoteWebDriver.java:552)
	at org.openqa.selenium.remote.RemoteWebDriver.startSession(RemoteWebDriver.java:213)
	at org.openqa.selenium.remote.RemoteWebDriver.&lt;init&gt;(RemoteWebDriver.java:131)
	at org.openqa.selenium.chrome.ChromeDriver.&lt;init&gt;(ChromeDriver.java:181)
	at org.openqa.selenium.chrome.ChromeDriver.&lt;init&gt;(ChromeDriver.java:168)
	at org.openqa.selenium.chrome.ChromeDriver.&lt;init&gt;(ChromeDriver.java:123)
	at core.Page.beforeTest(Page.java:53)
... Removed 32 stack frames</div></td></tr></table><p class="totop"><a href="#summary">back to summary</a></p>
<h3 id="m1">testcases.LoginTestSeeker#afterTest</h3><table class="result"><tr><th class="invisible"/></tr></table><p class="totop"><a href="#summary">back to summary</a></p>
<h3 id="m2">testcases.LoginTestSeeker#test</h3><table class="result"><tr><th>Exception</th></tr><tr><td><div class="stacktrace">org.openqa.selenium.SessionNotCreatedException: session not created: This version of ChromeDriver only supports Chrome version 92
Current browser version is 94.0.4606.71 with binary path C:\Users\acer\AppData\Local\Google\Chrome\Application\chrome.exe
Build info: version: &apos;3.141.59&apos;, revision: &apos;e82be7d358&apos;, time: &apos;2018-11-14T08:17:03&apos;
System info: host: &apos;ACER-PC&apos;, ip: &apos;192.168.18.32&apos;, os.name: &apos;Windows 8.1&apos;, os.arch: &apos;amd64&apos;, os.version: &apos;6.3&apos;, java.version: &apos;1.8.0_102&apos;
Driver info: driver.version: ChromeDriver
remote stacktrace: Backtrace:
	Ordinal0 [0x00E12A33+2501171]
	Ordinal0 [0x00DAD1C1+2085313]
	Ordinal0 [0x00CB1FA8+1056680]
	Ordinal0 [0x00CD020A+1180170]
	Ordinal0 [0x00CCC125+1163557]
	Ordinal0 [0x00CC997F+1153407]
	Ordinal0 [0x00CF999F+1350047]
	Ordinal0 [0x00CF960A+1349130]
	Ordinal0 [0x00CF551B+1332507]
	Ordinal0 [0x00CD1D74+1187188]
	Ordinal0 [0x00CD2BD9+1190873]
	GetHandleVerifier [0x00F8EFE6+1504438]
	GetHandleVerifier [0x0103DDA5+2220661]
	GetHandleVerifier [0x00E95589+481881]
	GetHandleVerifier [0x00E94639+477961]
	Ordinal0 [0x00DB28BD+2107581]
	Ordinal0 [0x00DB6728+2123560]
	Ordinal0 [0x00DB6862+2123874]
	Ordinal0 [0x00DBFA81+2161281]
	BaseThreadInitThunk [0x76C47C04+36]
	RtlInitializeExceptionChain [0x7767AB8F+143]
	RtlInitializeExceptionChain [0x7767AB5A+90]

	at org.openqa.selenium.remote.W3CHandshakeResponse.lambda$errorHandler$0(W3CHandshakeResponse.java:62)
	at org.openqa.selenium.remote.HandshakeResponse.lambda$getResponseFunction$0(HandshakeResponse.java:30)
	at org.openqa.selenium.remote.ProtocolHandshake.lambda$createSession$0(ProtocolHandshake.java:126)
	at java.util.stream.ReferencePipeline$3$1.accept(ReferencePipeline.java:193)
	at java.util.Spliterators$ArraySpliterator.tryAdvance(Spliterators.java:958)
	at java.util.stream.ReferencePipeline.forEachWithCancel(ReferencePipeline.java:126)
	at java.util.stream.AbstractPipeline.copyIntoWithCancel(AbstractPipeline.java:498)
	at java.util.stream.AbstractPipeline.copyInto(AbstractPipeline.java:485)
	at java.util.stream.AbstractPipeline.wrapAndCopyInto(AbstractPipeline.java:471)
	at java.util.stream.FindOps$FindOp.evaluateSequential(FindOps.java:152)
	at java.util.stream.AbstractPipeline.evaluate(AbstractPipeline.java:234)
	at java.util.stream.ReferencePipeline.findFirst(ReferencePipeline.java:464)
	at org.openqa.selenium.remote.ProtocolHandshake.createSession(ProtocolHandshake.java:128)
	at org.openqa.selenium.remote.ProtocolHandshake.createSession(ProtocolHandshake.java:74)
	at org.openqa.selenium.remote.HttpCommandExecutor.execute(HttpCommandExecutor.java:136)
	at org.openqa.selenium.remote.service.DriverCommandExecutor.execute(DriverCommandExecutor.java:83)
	at org.openqa.selenium.remote.RemoteWebDriver.execute(RemoteWebDriver.java:552)
	at org.openqa.selenium.remote.RemoteWebDriver.startSession(RemoteWebDriver.java:213)
	at org.openqa.selenium.remote.RemoteWebDriver.&lt;init&gt;(RemoteWebDriver.java:131)
	at org.openqa.selenium.chrome.ChromeDriver.&lt;init&gt;(ChromeDriver.java:181)
	at org.openqa.selenium.chrome.ChromeDriver.&lt;init&gt;(ChromeDriver.java:168)
	at org.openqa.selenium.chrome.ChromeDriver.&lt;init&gt;(ChromeDriver.java:123)
	at core.Page.beforeTest(Page.java:53)
... Removed 32 stack frames</div></td></tr></table><p class="totop"><a href="#summary">back to summary</a></p>
<h3 id="m3">testcases.LoginTestSeeker#test</h3><table class="result"><tr><th>Exception</th></tr><tr><td><div class="stacktrace">org.openqa.selenium.SessionNotCreatedException: session not created: This version of ChromeDriver only supports Chrome version 92
Current browser version is 94.0.4606.71 with binary path C:\Users\acer\AppData\Local\Google\Chrome\Application\chrome.exe
Build info: version: &apos;3.141.59&apos;, revision: &apos;e82be7d358&apos;, time: &apos;2018-11-14T08:17:03&apos;
System info: host: &apos;ACER-PC&apos;, ip: &apos;192.168.18.32&apos;, os.name: &apos;Windows 8.1&apos;, os.arch: &apos;amd64&apos;, os.version: &apos;6.3&apos;, java.version: &apos;1.8.0_102&apos;
Driver info: driver.version: ChromeDriver
remote stacktrace: Backtrace:
	Ordinal0 [0x00E12A33+2501171]
	Ordinal0 [0x00DAD1C1+2085313]
	Ordinal0 [0x00CB1FA8+1056680]
	Ordinal0 [0x00CD020A+1180170]
	Ordinal0 [0x00CCC125+1163557]
	Ordinal0 [0x00CC997F+1153407]
	Ordinal0 [0x00CF999F+1350047]
	Ordinal0 [0x00CF960A+1349130]
	Ordinal0 [0x00CF551B+1332507]
	Ordinal0 [0x00CD1D74+1187188]
	Ordinal0 [0x00CD2BD9+1190873]
	GetHandleVerifier [0x00F8EFE6+1504438]
	GetHandleVerifier [0x0103DDA5+2220661]
	GetHandleVerifier [0x00E95589+481881]
	GetHandleVerifier [0x00E94639+477961]
	Ordinal0 [0x00DB28BD+2107581]
	Ordinal0 [0x00DB6728+2123560]
	Ordinal0 [0x00DB6862+2123874]
	Ordinal0 [0x00DBFA81+2161281]
	BaseThreadInitThunk [0x76C47C04+36]
	RtlInitializeExceptionChain [0x7767AB8F+143]
	RtlInitializeExceptionChain [0x7767AB5A+90]

	at org.openqa.selenium.remote.W3CHandshakeResponse.lambda$errorHandler$0(W3CHandshakeResponse.java:62)
	at org.openqa.selenium.remote.HandshakeResponse.lambda$getResponseFunction$0(HandshakeResponse.java:30)
	at org.openqa.selenium.remote.ProtocolHandshake.lambda$createSession$0(ProtocolHandshake.java:126)
	at java.util.stream.ReferencePipeline$3$1.accept(ReferencePipeline.java:193)
	at java.util.Spliterators$ArraySpliterator.tryAdvance(Spliterators.java:958)
	at java.util.stream.ReferencePipeline.forEachWithCancel(ReferencePipeline.java:126)
	at java.util.stream.AbstractPipeline.copyIntoWithCancel(AbstractPipeline.java:498)
	at java.util.stream.AbstractPipeline.copyInto(AbstractPipeline.java:485)
	at java.util.stream.AbstractPipeline.wrapAndCopyInto(AbstractPipeline.java:471)
	at java.util.stream.FindOps$FindOp.evaluateSequential(FindOps.java:152)
	at java.util.stream.AbstractPipeline.evaluate(AbstractPipeline.java:234)
	at java.util.stream.ReferencePipeline.findFirst(ReferencePipeline.java:464)
	at org.openqa.selenium.remote.ProtocolHandshake.createSession(ProtocolHandshake.java:128)
	at org.openqa.selenium.remote.ProtocolHandshake.createSession(ProtocolHandshake.java:74)
	at org.openqa.selenium.remote.HttpCommandExecutor.execute(HttpCommandExecutor.java:136)
	at org.openqa.selenium.remote.service.DriverCommandExecutor.execute(DriverCommandExecutor.java:83)
	at org.openqa.selenium.remote.RemoteWebDriver.execute(RemoteWebDriver.java:552)
	at org.openqa.selenium.remote.RemoteWebDriver.startSession(RemoteWebDriver.java:213)
	at org.openqa.selenium.remote.RemoteWebDriver.&lt;init&gt;(RemoteWebDriver.java:131)
	at org.openqa.selenium.chrome.ChromeDriver.&lt;init&gt;(ChromeDriver.java:181)
	at org.openqa.selenium.chrome.ChromeDriver.&lt;init&gt;(ChromeDriver.java:168)
	at org.openqa.selenium.chrome.ChromeDriver.&lt;init&gt;(ChromeDriver.java:123)
	at core.Page.beforeTest(Page.java:53)
... Removed 32 stack frames</div></td></tr></table><p class="totop"><a href="#summary">back to summary</a></p>
<h3 id="m4">testcases.LoginTestSeeker#test</h3><table class="result"><tr><th>Exception</th></tr><tr><td><div class="stacktrace">org.openqa.selenium.SessionNotCreatedException: session not created: This version of ChromeDriver only supports Chrome version 92
Current browser version is 94.0.4606.71 with binary path C:\Users\acer\AppData\Local\Google\Chrome\Application\chrome.exe
Build info: version: &apos;3.141.59&apos;, revision: &apos;e82be7d358&apos;, time: &apos;2018-11-14T08:17:03&apos;
System info: host: &apos;ACER-PC&apos;, ip: &apos;192.168.18.32&apos;, os.name: &apos;Windows 8.1&apos;, os.arch: &apos;amd64&apos;, os.version: &apos;6.3&apos;, java.version: &apos;1.8.0_102&apos;
Driver info: driver.version: ChromeDriver
remote stacktrace: Backtrace:
	Ordinal0 [0x00E12A33+2501171]
	Ordinal0 [0x00DAD1C1+2085313]
	Ordinal0 [0x00CB1FA8+1056680]
	Ordinal0 [0x00CD020A+1180170]
	Ordinal0 [0x00CCC125+1163557]
	Ordinal0 [0x00CC997F+1153407]
	Ordinal0 [0x00CF999F+1350047]
	Ordinal0 [0x00CF960A+1349130]
	Ordinal0 [0x00CF551B+1332507]
	Ordinal0 [0x00CD1D74+1187188]
	Ordinal0 [0x00CD2BD9+1190873]
	GetHandleVerifier [0x00F8EFE6+1504438]
	GetHandleVerifier [0x0103DDA5+2220661]
	GetHandleVerifier [0x00E95589+481881]
	GetHandleVerifier [0x00E94639+477961]
	Ordinal0 [0x00DB28BD+2107581]
	Ordinal0 [0x00DB6728+2123560]
	Ordinal0 [0x00DB6862+2123874]
	Ordinal0 [0x00DBFA81+2161281]
	BaseThreadInitThunk [0x76C47C04+36]
	RtlInitializeExceptionChain [0x7767AB8F+143]
	RtlInitializeExceptionChain [0x7767AB5A+90]

	at org.openqa.selenium.remote.W3CHandshakeResponse.lambda$errorHandler$0(W3CHandshakeResponse.java:62)
	at org.openqa.selenium.remote.HandshakeResponse.lambda$getResponseFunction$0(HandshakeResponse.java:30)
	at org.openqa.selenium.remote.ProtocolHandshake.lambda$createSession$0(ProtocolHandshake.java:126)
	at java.util.stream.ReferencePipeline$3$1.accept(ReferencePipeline.java:193)
	at java.util.Spliterators$ArraySpliterator.tryAdvance(Spliterators.java:958)
	at java.util.stream.ReferencePipeline.forEachWithCancel(ReferencePipeline.java:126)
	at java.util.stream.AbstractPipeline.copyIntoWithCancel(AbstractPipeline.java:498)
	at java.util.stream.AbstractPipeline.copyInto(AbstractPipeline.java:485)
	at java.util.stream.AbstractPipeline.wrapAndCopyInto(AbstractPipeline.java:471)
	at java.util.stream.FindOps$FindOp.evaluateSequential(FindOps.java:152)
	at java.util.stream.AbstractPipeline.evaluate(AbstractPipeline.java:234)
	at java.util.stream.ReferencePipeline.findFirst(ReferencePipeline.java:464)
	at org.openqa.selenium.remote.ProtocolHandshake.createSession(ProtocolHandshake.java:128)
	at org.openqa.selenium.remote.ProtocolHandshake.createSession(ProtocolHandshake.java:74)
	at org.openqa.selenium.remote.HttpCommandExecutor.execute(HttpCommandExecutor.java:136)
	at org.openqa.selenium.remote.service.DriverCommandExecutor.execute(DriverCommandExecutor.java:83)
	at org.openqa.selenium.remote.RemoteWebDriver.execute(RemoteWebDriver.java:552)
	at org.openqa.selenium.remote.RemoteWebDriver.startSession(RemoteWebDriver.java:213)
	at org.openqa.selenium.remote.RemoteWebDriver.&lt;init&gt;(RemoteWebDriver.java:131)
	at org.openqa.selenium.chrome.ChromeDriver.&lt;init&gt;(ChromeDriver.java:181)
	at org.openqa.selenium.chrome.ChromeDriver.&lt;init&gt;(ChromeDriver.java:168)
	at org.openqa.selenium.chrome.ChromeDriver.&lt;init&gt;(ChromeDriver.java:123)
	at core.Page.beforeTest(Page.java:53)
... Removed 32 stack frames</div></td></tr></table><p class="totop"><a href="#summary">back to summary</a></p>
<h2>ProviderTest</h2><h3 id="m5">testcases.LoginTestProvider#test</h3><table class="result"><tr class="param"><th>Parameter #1</th><th>Parameter #2</th></tr><tr class="param stripe"><td>ravi</td><td>kumar</td></tr></table><p class="totop"><a href="#summary">back to summary</a></p>
<h3 id="m6">testcases.LoginTestProvider#test</h3><table class="result"><tr class="param"><th>Parameter #1</th><th>Parameter #2</th></tr><tr class="param stripe"><td>amit</td><td>taneja</td></tr></table><p class="totop"><a href="#summary">back to summary</a></p>
<h3 id="m7">testcases.LoginTestProvider#test</h3><table class="result"><tr class="param"><th>Parameter #1</th><th>Parameter #2</th></tr><tr class="param stripe"><td>parag</td><td>saxena</td></tr></table><p class="totop"><a href="#summary">back to summary</a></p>
</body>
</html>
