<?xml version="1.0" encoding="UTF-8"?>
<testsuite xmlns:xsi="http://www.w3.org/2001/XMLSchema-instance" xsi:noNamespaceSchemaLocation="https://maven.apache.org/surefire/maven-surefire-plugin/xsd/surefire-test-report-3.0.xsd" version="3.0" name="TestSuite" time="37.992" tests="8" errors="0" skipped="4" failures="1">
  <properties>
    <property name="sun.desktop" value="windows"/>
    <property name="awt.toolkit" value="sun.awt.windows.WToolkit"/>
    <property name="file.encoding.pkg" value="sun.io"/>
    <property name="java.specification.version" value="1.8"/>
    <property name="webdriver.chrome.driver" value="c:\browser-drivers\chromedriver.exe"/>
    <property name="sun.cpu.isalist" value="amd64"/>
    <property name="sun.jnu.encoding" value="Cp1252"/>
    <property name="java.class.path" value="C:\corejava\HybridFramework\target\test-classes;C:\corejava\HybridFramework\target\classes;C:\Users\acer\.m2\repository\org\seleniumhq\selenium\selenium-java\3.141.59\selenium-java-3.141.59.jar;C:\Users\acer\.m2\repository\org\seleniumhq\selenium\selenium-api\3.141.59\selenium-api-3.141.59.jar;C:\Users\acer\.m2\repository\org\seleniumhq\selenium\selenium-chrome-driver\3.141.59\selenium-chrome-driver-3.141.59.jar;C:\Users\acer\.m2\repository\org\seleniumhq\selenium\selenium-edge-driver\3.141.59\selenium-edge-driver-3.141.59.jar;C:\Users\acer\.m2\repository\org\seleniumhq\selenium\selenium-firefox-driver\3.141.59\selenium-firefox-driver-3.141.59.jar;C:\Users\acer\.m2\repository\org\seleniumhq\selenium\selenium-ie-driver\3.141.59\selenium-ie-driver-3.141.59.jar;C:\Users\acer\.m2\repository\org\seleniumhq\selenium\selenium-opera-driver\3.141.59\selenium-opera-driver-3.141.59.jar;C:\Users\acer\.m2\repository\org\seleniumhq\selenium\selenium-remote-driver\3.141.59\selenium-remote-driver-3.141.59.jar;C:\Users\acer\.m2\repository\org\seleniumhq\selenium\selenium-safari-driver\3.141.59\selenium-safari-driver-3.141.59.jar;C:\Users\acer\.m2\repository\org\seleniumhq\selenium\selenium-support\3.141.59\selenium-support-3.141.59.jar;C:\Users\acer\.m2\repository\net\bytebuddy\byte-buddy\1.8.15\byte-buddy-1.8.15.jar;C:\Users\acer\.m2\repository\org\apache\commons\commons-exec\1.3\commons-exec-1.3.jar;C:\Users\acer\.m2\repository\com\google\guava\guava\25.0-jre\guava-25.0-jre.jar;C:\Users\acer\.m2\repository\com\google\code\findbugs\jsr305\1.3.9\jsr305-1.3.9.jar;C:\Users\acer\.m2\repository\org\checkerframework\checker-compat-qual\2.0.0\checker-compat-qual-2.0.0.jar;C:\Users\acer\.m2\repository\com\google\errorprone\error_prone_annotations\2.1.3\error_prone_annotations-2.1.3.jar;C:\Users\acer\.m2\repository\com\google\j2objc\j2objc-annotations\1.1\j2objc-annotations-1.1.jar;C:\Users\acer\.m2\repository\org\codehaus\mojo\animal-sniffer-annotations\1.14\animal-sniffer-annotations-1.14.jar;C:\Users\acer\.m2\repository\com\squareup\okhttp3\okhttp\3.11.0\okhttp-3.11.0.jar;C:\Users\acer\.m2\repository\com\squareup\okio\okio\1.14.0\okio-1.14.0.jar;C:\Users\acer\.m2\repository\org\apache\poi\poi\3.17\poi-3.17.jar;C:\Users\acer\.m2\repository\commons-codec\commons-codec\1.10\commons-codec-1.10.jar;C:\Users\acer\.m2\repository\org\apache\commons\commons-collections4\4.1\commons-collections4-4.1.jar;C:\Users\acer\.m2\repository\org\apache\poi\poi-ooxml\3.17\poi-ooxml-3.17.jar;C:\Users\acer\.m2\repository\org\apache\poi\poi-ooxml-schemas\3.17\poi-ooxml-schemas-3.17.jar;C:\Users\acer\.m2\repository\org\apache\xmlbeans\xmlbeans\2.6.0\xmlbeans-2.6.0.jar;C:\Users\acer\.m2\repository\stax\stax-api\1.0.1\stax-api-1.0.1.jar;C:\Users\acer\.m2\repository\com\github\virtuald\curvesapi\1.04\curvesapi-1.04.jar;C:\Users\acer\.m2\repository\com\google\code\sqlsheet\sqlsheet\6.7\sqlsheet-6.7.jar;C:\Users\acer\.m2\repository\com\github\jsqlparser\jsqlparser\1.0\jsqlparser-1.0.jar;C:\Users\acer\.m2\repository\commons-io\commons-io\2.4\commons-io-2.4.jar;C:\Users\acer\.m2\repository\log4j\log4j\1.2.17\log4j-1.2.17.jar;C:\Users\acer\.m2\repository\org\testng\testng\6.14.3\testng-6.14.3.jar;C:\Users\acer\.m2\repository\com\beust\jcommander\1.72\jcommander-1.72.jar;C:\Users\acer\.m2\repository\org\apache-extras\beanshell\bsh\2.0b6\bsh-2.0b6.jar;C:\Users\acer\.m2\repository\javax\mail\javax.mail-api\1.6.2\javax.mail-api-1.6.2.jar;C:\Users\acer\.m2\repository\javax\activation\activation\1.1.1\activation-1.1.1.jar;"/>
    <property name="java.vm.vendor" value="Oracle Corporation"/>
    <property name="sun.arch.data.model" value="64"/>
    <property name="user.variant" value=""/>
    <property name="java.vendor.url" value="http://java.oracle.com/"/>
    <property name="user.timezone" value="Asia/Calcutta"/>
    <property name="java.vm.specification.version" value="1.8"/>
    <property name="os.name" value="Windows 8.1"/>
    <property name="user.country" value="US"/>
    <property name="sun.java.launcher" value="SUN_STANDARD"/>
    <property name="sun.boot.library.path" value="C:\Program Files\Java\jdk1.8.0_102\jre\bin"/>
    <property name="sun.java.command" value="C:\Users\acer\AppData\Local\Temp\surefire312925563552542056\surefirebooter5165057123520568975.jar C:\Users\acer\AppData\Local\Temp\surefire312925563552542056 2021-10-08T15-16-59_044-jvmRun1 surefire7723705705044382766tmp surefire_05087279815402028369tmp"/>
    <property name="surefire.test.class.path" value="C:\corejava\HybridFramework\target\test-classes;C:\corejava\HybridFramework\target\classes;C:\Users\acer\.m2\repository\org\seleniumhq\selenium\selenium-java\3.141.59\selenium-java-3.141.59.jar;C:\Users\acer\.m2\repository\org\seleniumhq\selenium\selenium-api\3.141.59\selenium-api-3.141.59.jar;C:\Users\acer\.m2\repository\org\seleniumhq\selenium\selenium-chrome-driver\3.141.59\selenium-chrome-driver-3.141.59.jar;C:\Users\acer\.m2\repository\org\seleniumhq\selenium\selenium-edge-driver\3.141.59\selenium-edge-driver-3.141.59.jar;C:\Users\acer\.m2\repository\org\seleniumhq\selenium\selenium-firefox-driver\3.141.59\selenium-firefox-driver-3.141.59.jar;C:\Users\acer\.m2\repository\org\seleniumhq\selenium\selenium-ie-driver\3.141.59\selenium-ie-driver-3.141.59.jar;C:\Users\acer\.m2\repository\org\seleniumhq\selenium\selenium-opera-driver\3.141.59\selenium-opera-driver-3.141.59.jar;C:\Users\acer\.m2\repository\org\seleniumhq\selenium\selenium-remote-driver\3.141.59\selenium-remote-driver-3.141.59.jar;C:\Users\acer\.m2\repository\org\seleniumhq\selenium\selenium-safari-driver\3.141.59\selenium-safari-driver-3.141.59.jar;C:\Users\acer\.m2\repository\org\seleniumhq\selenium\selenium-support\3.141.59\selenium-support-3.141.59.jar;C:\Users\acer\.m2\repository\net\bytebuddy\byte-buddy\1.8.15\byte-buddy-1.8.15.jar;C:\Users\acer\.m2\repository\org\apache\commons\commons-exec\1.3\commons-exec-1.3.jar;C:\Users\acer\.m2\repository\com\google\guava\guava\25.0-jre\guava-25.0-jre.jar;C:\Users\acer\.m2\repository\com\google\code\findbugs\jsr305\1.3.9\jsr305-1.3.9.jar;C:\Users\acer\.m2\repository\org\checkerframework\checker-compat-qual\2.0.0\checker-compat-qual-2.0.0.jar;C:\Users\acer\.m2\repository\com\google\errorprone\error_prone_annotations\2.1.3\error_prone_annotations-2.1.3.jar;C:\Users\acer\.m2\repository\com\google\j2objc\j2objc-annotations\1.1\j2objc-annotations-1.1.jar;C:\Users\acer\.m2\repository\org\codehaus\mojo\animal-sniffer-annotations\1.14\animal-sniffer-annotations-1.14.jar;C:\Users\acer\.m2\repository\com\squareup\okhttp3\okhttp\3.11.0\okhttp-3.11.0.jar;C:\Users\acer\.m2\repository\com\squareup\okio\okio\1.14.0\okio-1.14.0.jar;C:\Users\acer\.m2\repository\org\apache\poi\poi\3.17\poi-3.17.jar;C:\Users\acer\.m2\repository\commons-codec\commons-codec\1.10\commons-codec-1.10.jar;C:\Users\acer\.m2\repository\org\apache\commons\commons-collections4\4.1\commons-collections4-4.1.jar;C:\Users\acer\.m2\repository\org\apache\poi\poi-ooxml\3.17\poi-ooxml-3.17.jar;C:\Users\acer\.m2\repository\org\apache\poi\poi-ooxml-schemas\3.17\poi-ooxml-schemas-3.17.jar;C:\Users\acer\.m2\repository\org\apache\xmlbeans\xmlbeans\2.6.0\xmlbeans-2.6.0.jar;C:\Users\acer\.m2\repository\stax\stax-api\1.0.1\stax-api-1.0.1.jar;C:\Users\acer\.m2\repository\com\github\virtuald\curvesapi\1.04\curvesapi-1.04.jar;C:\Users\acer\.m2\repository\com\google\code\sqlsheet\sqlsheet\6.7\sqlsheet-6.7.jar;C:\Users\acer\.m2\repository\com\github\jsqlparser\jsqlparser\1.0\jsqlparser-1.0.jar;C:\Users\acer\.m2\repository\commons-io\commons-io\2.4\commons-io-2.4.jar;C:\Users\acer\.m2\repository\log4j\log4j\1.2.17\log4j-1.2.17.jar;C:\Users\acer\.m2\repository\org\testng\testng\6.14.3\testng-6.14.3.jar;C:\Users\acer\.m2\repository\com\beust\jcommander\1.72\jcommander-1.72.jar;C:\Users\acer\.m2\repository\org\apache-extras\beanshell\bsh\2.0b6\bsh-2.0b6.jar;C:\Users\acer\.m2\repository\javax\mail\javax.mail-api\1.6.2\javax.mail-api-1.6.2.jar;C:\Users\acer\.m2\repository\javax\activation\activation\1.1.1\activation-1.1.1.jar;"/>
    <property name="sun.cpu.endian" value="little"/>
    <property name="user.home" value="C:\Users\acer"/>
    <property name="user.language" value="en"/>
    <property name="java.specification.vendor" value="Oracle Corporation"/>
    <property name="java.home" value="C:\Program Files\Java\jdk1.8.0_102\jre"/>
    <property name="basedir" value="C:\corejava\HybridFramework"/>
    <property name="file.separator" value="\"/>
    <property name="line.separator" value="&#10;"/>
    <property name="java.vm.specification.vendor" value="Oracle Corporation"/>
    <property name="java.specification.name" value="Java Platform API Specification"/>
    <property name="java.awt.graphicsenv" value="sun.awt.Win32GraphicsEnvironment"/>
    <property name="surefire.real.class.path" value="C:\Users\acer\AppData\Local\Temp\surefire312925563552542056\surefirebooter5165057123520568975.jar"/>
    <property name="sun.boot.class.path" value="C:\Program Files\Java\jdk1.8.0_102\jre\lib\resources.jar;C:\Program Files\Java\jdk1.8.0_102\jre\lib\rt.jar;C:\Program Files\Java\jdk1.8.0_102\jre\lib\sunrsasign.jar;C:\Program Files\Java\jdk1.8.0_102\jre\lib\jsse.jar;C:\Program Files\Java\jdk1.8.0_102\jre\lib\jce.jar;C:\Program Files\Java\jdk1.8.0_102\jre\lib\charsets.jar;C:\Program Files\Java\jdk1.8.0_102\jre\lib\jfr.jar;C:\Program Files\Java\jdk1.8.0_102\jre\classes"/>
    <property name="user.script" value=""/>
    <property name="sun.management.compiler" value="HotSpot 64-Bit Tiered Compilers"/>
    <property name="java.runtime.version" value="1.8.0_102-b14"/>
    <property name="user.name" value="acer"/>
    <property name="path.separator" value=";"/>
    <property name="os.version" value="6.3"/>
    <property name="java.endorsed.dirs" value="C:\Program Files\Java\jdk1.8.0_102\jre\lib\endorsed"/>
    <property name="java.runtime.name" value="Java(TM) SE Runtime Environment"/>
    <property name="file.encoding" value="Cp1252"/>
    <property name="java.vm.name" value="Java HotSpot(TM) 64-Bit Server VM"/>
    <property name="localRepository" value="C:\Users\acer\.m2\repository"/>
    <property name="java.vendor.url.bug" value="http://bugreport.sun.com/bugreport/"/>
    <property name="java.io.tmpdir" value="C:\Users\acer\AppData\Local\Temp\"/>
    <property name="java.version" value="1.8.0_102"/>
    <property name="user.dir" value="C:\corejava\HybridFramework"/>
    <property name="os.arch" value="amd64"/>
    <property name="webdriver.gecko.driver" value="c:\browser-drivers\geckodriver.exe"/>
    <property name="java.vm.specification.name" value="Java Virtual Machine Specification"/>
    <property name="java.awt.printerjob" value="sun.awt.windows.WPrinterJob"/>
    <property name="sun.os.patch.level" value=""/>
    <property name="java.library.path" value="C:\Program Files\Java\jdk1.8.0_102\jre\bin;C:\Windows\Sun\Java\bin;C:\Windows\system32;C:\Windows;C:\ProgramData\Oracle\Java\javapath;C:\oraclexe\app\oracle\product\11.2.0\server\bin;C:\Program Files\Java\jdk1.8.0_102\bin;C:\Windows\system32;C:\Windows;C:\Windows\System32\Wbem;C:\Windows\System32\WindowsPowerShell\v1.0\;C:\Program Files\Git\cmd;C:\Program Files\Java\jdk1.8.0_102\bin;C:\Program Files\Git\bin;C:\apache-maven-3.8.3-bin\apache-maven-3.8.3\bin;;."/>
    <property name="java.vm.info" value="mixed mode"/>
    <property name="java.vendor" value="Oracle Corporation"/>
    <property name="java.vm.version" value="25.102-b14"/>
    <property name="java.ext.dirs" value="C:\Program Files\Java\jdk1.8.0_102\jre\lib\ext;C:\Windows\Sun\Java\lib\ext"/>
    <property name="sun.io.unicode.encoding" value="UnicodeLittle"/>
    <property name="java.class.version" value="52.0"/>
  </properties>
  <testcase name="beforeTest" classname="testcases.LoginTestSeeker" time="6.491">
    <failure message="session not created: This version of ChromeDriver only supports Chrome version 92&#10;Current browser version is 94.0.4606.71 with binary path C:\Users\acer\AppData\Local\Google\Chrome\Application\chrome.exe&#10;Build info: version: &apos;3.141.59&apos;, revision: &apos;e82be7d358&apos;, time: &apos;2018-11-14T08:17:03&apos;&#10;System info: host: &apos;ACER-PC&apos;, ip: &apos;192.168.18.32&apos;, os.name: &apos;Windows 8.1&apos;, os.arch: &apos;amd64&apos;, os.version: &apos;6.3&apos;, java.version: &apos;1.8.0_102&apos;&#10;Driver info: driver.version: ChromeDriver&#10;remote stacktrace: Backtrace:&#10;	Ordinal0 [0x00E12A33+2501171]&#10;	Ordinal0 [0x00DAD1C1+2085313]&#10;	Ordinal0 [0x00CB1FA8+1056680]&#10;	Ordinal0 [0x00CD020A+1180170]&#10;	Ordinal0 [0x00CCC125+1163557]&#10;	Ordinal0 [0x00CC997F+1153407]&#10;	Ordinal0 [0x00CF999F+1350047]&#10;	Ordinal0 [0x00CF960A+1349130]&#10;	Ordinal0 [0x00CF551B+1332507]&#10;	Ordinal0 [0x00CD1D74+1187188]&#10;	Ordinal0 [0x00CD2BD9+1190873]&#10;	GetHandleVerifier [0x00F8EFE6+1504438]&#10;	GetHandleVerifier [0x0103DDA5+2220661]&#10;	GetHandleVerifier [0x00E95589+481881]&#10;	GetHandleVerifier [0x00E94639+477961]&#10;	Ordinal0 [0x00DB28BD+2107581]&#10;	Ordinal0 [0x00DB6728+2123560]&#10;	Ordinal0 [0x00DB6862+2123874]&#10;	Ordinal0 [0x00DBFA81+2161281]&#10;	BaseThreadInitThunk [0x76C47C04+36]&#10;	RtlInitializeExceptionChain [0x7767AB8F+143]&#10;	RtlInitializeExceptionChain [0x7767AB5A+90]&#10;" type="org.openqa.selenium.SessionNotCreatedException"><![CDATA[org.openqa.selenium.SessionNotCreatedException: 
session not created: This version of ChromeDriver only supports Chrome version 92
Current browser version is 94.0.4606.71 with binary path C:\Users\acer\AppData\Local\Google\Chrome\Application\chrome.exe
Build info: version: '3.141.59', revision: 'e82be7d358', time: '2018-11-14T08:17:03'
System info: host: 'ACER-PC', ip: '192.168.18.32', os.name: 'Windows 8.1', os.arch: 'amd64', os.version: '6.3', java.version: '1.8.0_102'
Driver info: driver.version: ChromeDriver
remote stacktrace: Backtrace:
	Ordinal0 [0x00E12A33+2501171]
	Ordinal0 [0x00DAD1C1+2085313]
	Ordinal0 [0x00CB1FA8+1056680]
	Ordinal0 [0x00CD020A+1180170]
	Ordinal0 [0x00CCC125+1163557]
	Ordinal0 [0x00CC997F+1153407]
	Ordinal0 [0x00CF999F+1350047]
	Ordinal0 [0x00CF960A+1349130]
	Ordinal0 [0x00CF551B+1332507]
	Ordinal0 [0x00CD1D74+1187188]
	Ordinal0 [0x00CD2BD9+1190873]
	GetHandleVerifier [0x00F8EFE6+1504438]
	GetHandleVerifier [0x0103DDA5+2220661]
	GetHandleVerifier [0x00E95589+481881]
	GetHandleVerifier [0x00E94639+477961]
	Ordinal0 [0x00DB28BD+2107581]
	Ordinal0 [0x00DB6728+2123560]
	Ordinal0 [0x00DB6862+2123874]
	Ordinal0 [0x00DBFA81+2161281]
	BaseThreadInitThunk [0x76C47C04+36]
	RtlInitializeExceptionChain [0x7767AB8F+143]
	RtlInitializeExceptionChain [0x7767AB5A+90]

]]></failure>
    <system-err><![CDATA[Starting ChromeDriver 92.0.4515.107 (87a818b10553a07434ea9e2b6dccf3cbe7895134-refs/branch-heads/4515@{#1634}) on port 48140
Only local connections are allowed.
Please see https://chromedriver.chromium.org/security-considerations for suggestions on keeping ChromeDriver safe.
ChromeDriver was started successfully.
]]></system-err>
  </testcase>
  <testcase name="test" classname="testcases.LoginTestSeeker" time="0">
    <skipped message="session not created: This version of ChromeDriver only supports Chrome version 92&#10;Current browser version is 94.0.4606.71 with binary path C:\Users\acer\AppData\Local\Google\Chrome\Application\chrome.exe&#10;Build info: version: &apos;3.141.59&apos;, revision: &apos;e82be7d358&apos;, time: &apos;2018-11-14T08:17:03&apos;&#10;System info: host: &apos;ACER-PC&apos;, ip: &apos;192.168.18.32&apos;, os.name: &apos;Windows 8.1&apos;, os.arch: &apos;amd64&apos;, os.version: &apos;6.3&apos;, java.version: &apos;1.8.0_102&apos;&#10;Driver info: driver.version: ChromeDriver&#10;remote stacktrace: Backtrace:&#10;	Ordinal0 [0x00E12A33+2501171]&#10;	Ordinal0 [0x00DAD1C1+2085313]&#10;	Ordinal0 [0x00CB1FA8+1056680]&#10;	Ordinal0 [0x00CD020A+1180170]&#10;	Ordinal0 [0x00CCC125+1163557]&#10;	Ordinal0 [0x00CC997F+1153407]&#10;	Ordinal0 [0x00CF999F+1350047]&#10;	Ordinal0 [0x00CF960A+1349130]&#10;	Ordinal0 [0x00CF551B+1332507]&#10;	Ordinal0 [0x00CD1D74+1187188]&#10;	Ordinal0 [0x00CD2BD9+1190873]&#10;	GetHandleVerifier [0x00F8EFE6+1504438]&#10;	GetHandleVerifier [0x0103DDA5+2220661]&#10;	GetHandleVerifier [0x00E95589+481881]&#10;	GetHandleVerifier [0x00E94639+477961]&#10;	Ordinal0 [0x00DB28BD+2107581]&#10;	Ordinal0 [0x00DB6728+2123560]&#10;	Ordinal0 [0x00DB6862+2123874]&#10;	Ordinal0 [0x00DBFA81+2161281]&#10;	BaseThreadInitThunk [0x76C47C04+36]&#10;	RtlInitializeExceptionChain [0x7767AB8F+143]&#10;	RtlInitializeExceptionChain [0x7767AB5A+90]&#10;"/>
    <system-out><![CDATA[connected by poi..
2 , 3
]]></system-out>
  </testcase>
  <testcase name="test" classname="testcases.LoginTestSeeker" time="0">
    <skipped message="session not created: This version of ChromeDriver only supports Chrome version 92&#10;Current browser version is 94.0.4606.71 with binary path C:\Users\acer\AppData\Local\Google\Chrome\Application\chrome.exe&#10;Build info: version: &apos;3.141.59&apos;, revision: &apos;e82be7d358&apos;, time: &apos;2018-11-14T08:17:03&apos;&#10;System info: host: &apos;ACER-PC&apos;, ip: &apos;192.168.18.32&apos;, os.name: &apos;Windows 8.1&apos;, os.arch: &apos;amd64&apos;, os.version: &apos;6.3&apos;, java.version: &apos;1.8.0_102&apos;&#10;Driver info: driver.version: ChromeDriver&#10;remote stacktrace: Backtrace:&#10;	Ordinal0 [0x00E12A33+2501171]&#10;	Ordinal0 [0x00DAD1C1+2085313]&#10;	Ordinal0 [0x00CB1FA8+1056680]&#10;	Ordinal0 [0x00CD020A+1180170]&#10;	Ordinal0 [0x00CCC125+1163557]&#10;	Ordinal0 [0x00CC997F+1153407]&#10;	Ordinal0 [0x00CF999F+1350047]&#10;	Ordinal0 [0x00CF960A+1349130]&#10;	Ordinal0 [0x00CF551B+1332507]&#10;	Ordinal0 [0x00CD1D74+1187188]&#10;	Ordinal0 [0x00CD2BD9+1190873]&#10;	GetHandleVerifier [0x00F8EFE6+1504438]&#10;	GetHandleVerifier [0x0103DDA5+2220661]&#10;	GetHandleVerifier [0x00E95589+481881]&#10;	GetHandleVerifier [0x00E94639+477961]&#10;	Ordinal0 [0x00DB28BD+2107581]&#10;	Ordinal0 [0x00DB6728+2123560]&#10;	Ordinal0 [0x00DB6862+2123874]&#10;	Ordinal0 [0x00DBFA81+2161281]&#10;	BaseThreadInitThunk [0x76C47C04+36]&#10;	RtlInitializeExceptionChain [0x7767AB8F+143]&#10;	RtlInitializeExceptionChain [0x7767AB5A+90]&#10;"/>
  </testcase>
  <testcase name="test" classname="testcases.LoginTestSeeker" time="0">
    <skipped message="session not created: This version of ChromeDriver only supports Chrome version 92&#10;Current browser version is 94.0.4606.71 with binary path C:\Users\acer\AppData\Local\Google\Chrome\Application\chrome.exe&#10;Build info: version: &apos;3.141.59&apos;, revision: &apos;e82be7d358&apos;, time: &apos;2018-11-14T08:17:03&apos;&#10;System info: host: &apos;ACER-PC&apos;, ip: &apos;192.168.18.32&apos;, os.name: &apos;Windows 8.1&apos;, os.arch: &apos;amd64&apos;, os.version: &apos;6.3&apos;, java.version: &apos;1.8.0_102&apos;&#10;Driver info: driver.version: ChromeDriver&#10;remote stacktrace: Backtrace:&#10;	Ordinal0 [0x00E12A33+2501171]&#10;	Ordinal0 [0x00DAD1C1+2085313]&#10;	Ordinal0 [0x00CB1FA8+1056680]&#10;	Ordinal0 [0x00CD020A+1180170]&#10;	Ordinal0 [0x00CCC125+1163557]&#10;	Ordinal0 [0x00CC997F+1153407]&#10;	Ordinal0 [0x00CF999F+1350047]&#10;	Ordinal0 [0x00CF960A+1349130]&#10;	Ordinal0 [0x00CF551B+1332507]&#10;	Ordinal0 [0x00CD1D74+1187188]&#10;	Ordinal0 [0x00CD2BD9+1190873]&#10;	GetHandleVerifier [0x00F8EFE6+1504438]&#10;	GetHandleVerifier [0x0103DDA5+2220661]&#10;	GetHandleVerifier [0x00E95589+481881]&#10;	GetHandleVerifier [0x00E94639+477961]&#10;	Ordinal0 [0x00DB28BD+2107581]&#10;	Ordinal0 [0x00DB6728+2123560]&#10;	Ordinal0 [0x00DB6862+2123874]&#10;	Ordinal0 [0x00DBFA81+2161281]&#10;	BaseThreadInitThunk [0x76C47C04+36]&#10;	RtlInitializeExceptionChain [0x7767AB8F+143]&#10;	RtlInitializeExceptionChain [0x7767AB5A+90]&#10;"/>
  </testcase>
  <testcase name="afterTest" classname="testcases.LoginTestSeeker" time="0">
    <skipped/>
  </testcase>
  <testcase name="test" classname="testcases.LoginTestProvider" time="3.578"/>
  <testcase name="test" classname="testcases.LoginTestProvider" time="0.613"/>
  <testcase name="test" classname="testcases.LoginTestProvider" time="0.59"/>
</testsuite>